<?xml version="1.0" encoding="UTF-8"?>
<!-- Generated by org.testng.reporters.JUnitReportReporter -->
<testsuite hostname="Abhijit" failures="0" tests="1" name="org.testRunners.TestRunner" time="6.295" errors="0" timestamp="2024-02-26T18:13:23 IST" skipped="0">
  <testcase classname="org.testRunners.TestRunner" name="runScenario" time="6.295"/>
  <system-out/>
</testsuite> <!-- org.testRunners.TestRunner -->
